[INFO] [2017-06-06 23:29:50][org.springframework.context.support.ClassPathXmlApplicationContext]Refreshing org.springframework.context.support.ClassPathXmlApplicationContext@16d5b224: startup date [Tue Jun 06 23:29:50 CST 2017]; root of context hierarchy
  [INFO] [2017-06-06 23:29:50][org.springframework.beans.factory.xml.XmlBeanDefinitionReader]Loading XML bean definitions from class path resource [spring-mybatis.xml]
  [INFO] [2017-06-06 23:29:51][org.springframework.beans.factory.config.PropertyPlaceholderConfigurer]Loading properties file from class path resource [jdbc.properties]
  [INFO] [2017-06-06 23:32:02][org.springframework.context.support.ClassPathXmlApplicationContext]Refreshing org.springframework.context.support.ClassPathXmlApplicationContext@57d13a79: startup date [Tue Jun 06 23:32:02 CST 2017]; root of context hierarchy
  [INFO] [2017-06-06 23:32:02][org.springframework.beans.factory.xml.XmlBeanDefinitionReader]Loading XML bean definitions from class path resource [spring-mybatis.xml]
  [INFO] [2017-06-06 23:32:03][org.springframework.beans.factory.config.PropertyPlaceholderConfigurer]Loading properties file from class path resource [jdbc.properties]
  [INFO] [2017-06-06 23:37:39][org.springframework.context.support.ClassPathXmlApplicationContext]Refreshing org.springframework.context.support.ClassPathXmlApplicationContext@57d13a79: startup date [Tue Jun 06 23:37:39 CST 2017]; root of context hierarchy
  [INFO] [2017-06-06 23:37:39][org.springframework.beans.factory.xml.XmlBeanDefinitionReader]Loading XML bean definitions from class path resource [spring-mybatis.xml]
  [INFO] [2017-06-06 23:37:39][org.springframework.beans.factory.config.PropertyPlaceholderConfigurer]Loading properties file from class path resource [jdbc.properties]
  [INFO] [2017-06-06 23:41:08][org.springframework.context.support.ClassPathXmlApplicationContext]Refreshing org.springframework.context.support.ClassPathXmlApplicationContext@16a1c9f2: startup date [Tue Jun 06 23:41:08 CST 2017]; root of context hierarchy
  [INFO] [2017-06-06 23:41:08][org.springframework.beans.factory.xml.XmlBeanDefinitionReader]Loading XML bean definitions from class path resource [spring-mybatis.xml]
  [INFO] [2017-06-06 23:41:08][org.springframework.beans.factory.config.PropertyPlaceholderConfigurer]Loading properties file from class path resource [jdbc.properties]
  [INFO] [2017-06-06 23:43:37][org.springframework.context.support.ClassPathXmlApplicationContext]Refreshing org.springframework.context.support.ClassPathXmlApplicationContext@57d13a79: startup date [Tue Jun 06 23:43:37 CST 2017]; root of context hierarchy
  [INFO] [2017-06-06 23:43:37][org.springframework.beans.factory.xml.XmlBeanDefinitionReader]Loading XML bean definitions from class path resource [spring-mybatis.xml]
  [INFO] [2017-06-06 23:43:37][org.springframework.beans.factory.config.PropertyPlaceholderConfigurer]Loading properties file from class path resource [jdbc.properties]
  [ERROR] [2017-06-06 23:43:37][org.mybatis.spring.mapper.MapperFactoryBean]Error while adding the mapper 'interface com.eps.mappers.UserMapper' to configuration.
  java.lang.RuntimeException: Error parsing Mapper XML. Cause: org.apache.ibatis.builder.BuilderException: Wrong namespace. Expected 'com.eps.mappers.UserMapper' but found 'com.eps.dao.UserDAO'.
	at org.apache.ibatis.builder.xml.XMLMapperBuilder.configurationElement(XMLMapperBuilder.java:113)
	at org.apache.ibatis.builder.xml.XMLMapperBuilder.parse(XMLMapperBuilder.java:88)
	at org.apache.ibatis.builder.annotation.MapperAnnotationBuilder.loadXmlResource(MapperAnnotationBuilder.java:159)
	at org.apache.ibatis.builder.annotation.MapperAnnotationBuilder.parse(MapperAnnotationBuilder.java:113)
	at org.apache.ibatis.binding.MapperRegistry.addMapper(MapperRegistry.java:66)
	at org.apache.ibatis.session.Configuration.addMapper(Configuration.java:635)
	at org.mybatis.spring.mapper.MapperFactoryBean.checkDaoConfig(MapperFactoryBean.java:81)
	at org.springframework.dao.support.DaoSupport.afterPropertiesSet(DaoSupport.java:44)
	at org.springframework.beans.factory.support.AbstractAutowireCapableBeanFactory.invokeInitMethods(AbstractAutowireCapableBeanFactory.java:1612)
	at org.springframework.beans.factory.support.AbstractAutowireCapableBeanFactory.initializeBean(AbstractAutowireCapableBeanFactory.java:1549)
	at org.springframework.beans.factory.support.AbstractAutowireCapableBeanFactory.doCreateBean(AbstractAutowireCapableBeanFactory.java:539)
	at org.springframework.beans.factory.support.AbstractAutowireCapableBeanFactory.createBean(AbstractAutowireCapableBeanFactory.java:475)
	at org.springframework.beans.factory.support.AbstractBeanFactory$1.getObject(AbstractBeanFactory.java:304)
	at org.springframework.beans.factory.support.DefaultSingletonBeanRegistry.getSingleton(DefaultSingletonBeanRegistry.java:228)
	at org.springframework.beans.factory.support.AbstractBeanFactory.doGetBean(AbstractBeanFactory.java:300)
	at org.springframework.beans.factory.support.AbstractBeanFactory.getBean(AbstractBeanFactory.java:195)
	at org.springframework.beans.factory.support.DefaultListableBeanFactory.preInstantiateSingletons(DefaultListableBeanFactory.java:684)
	at org.springframework.context.support.AbstractApplicationContext.finishBeanFactoryInitialization(AbstractApplicationContext.java:760)
	at org.springframework.context.support.AbstractApplicationContext.refresh(AbstractApplicationContext.java:482)
	at org.springframework.context.support.ClassPathXmlApplicationContext.<init>(ClassPathXmlApplicationContext.java:139)
	at org.springframework.context.support.ClassPathXmlApplicationContext.<init>(ClassPathXmlApplicationContext.java:83)
	at com.eps.test.TestMyBatis.testDB(TestMyBatis.java:18)
	at sun.reflect.NativeMethodAccessorImpl.invoke0(Native Method)
	at sun.reflect.NativeMethodAccessorImpl.invoke(NativeMethodAccessorImpl.java:57)
	at sun.reflect.DelegatingMethodAccessorImpl.invoke(DelegatingMethodAccessorImpl.java:43)
	at java.lang.reflect.Method.invoke(Method.java:606)
	at org.junit.runners.model.FrameworkMethod$1.runReflectiveCall(FrameworkMethod.java:50)
	at org.junit.internal.runners.model.ReflectiveCallable.run(ReflectiveCallable.java:12)
	at org.junit.runners.model.FrameworkMethod.invokeExplosively(FrameworkMethod.java:47)
	at org.junit.internal.runners.statements.InvokeMethod.evaluate(InvokeMethod.java:17)
	at org.junit.runners.ParentRunner.runLeaf(ParentRunner.java:325)
	at org.junit.runners.BlockJUnit4ClassRunner.runChild(BlockJUnit4ClassRunner.java:78)
	at org.junit.runners.BlockJUnit4ClassRunner.runChild(BlockJUnit4ClassRunner.java:57)
	at org.junit.runners.ParentRunner$3.run(ParentRunner.java:290)
	at org.junit.runners.ParentRunner$1.schedule(ParentRunner.java:71)
	at org.junit.runners.ParentRunner.runChildren(ParentRunner.java:288)
	at org.junit.runners.ParentRunner.access$000(ParentRunner.java:58)
	at org.junit.runners.ParentRunner$2.evaluate(ParentRunner.java:268)
	at org.junit.runners.ParentRunner.run(ParentRunner.java:363)
	at org.eclipse.jdt.internal.junit4.runner.JUnit4TestReference.run(JUnit4TestReference.java:86)
	at org.eclipse.jdt.internal.junit.runner.TestExecution.run(TestExecution.java:38)
	at org.eclipse.jdt.internal.junit.runner.RemoteTestRunner.runTests(RemoteTestRunner.java:459)
	at org.eclipse.jdt.internal.junit.runner.RemoteTestRunner.runTests(RemoteTestRunner.java:675)
	at org.eclipse.jdt.internal.junit.runner.RemoteTestRunner.run(RemoteTestRunner.java:382)
	at org.eclipse.jdt.internal.junit.runner.RemoteTestRunner.main(RemoteTestRunner.java:192)
Caused by: org.apache.ibatis.builder.BuilderException: Wrong namespace. Expected 'com.eps.mappers.UserMapper' but found 'com.eps.dao.UserDAO'.
	at org.apache.ibatis.builder.MapperBuilderAssistant.setCurrentNamespace(MapperBuilderAssistant.java:75)
	at org.apache.ibatis.builder.xml.XMLMapperBuilder.configurationElement(XMLMapperBuilder.java:105)
	... 44 more
[INFO] [2017-06-06 23:44:50][org.springframework.context.support.ClassPathXmlApplicationContext]Refreshing org.springframework.context.support.ClassPathXmlApplicationContext@69560af9: startup date [Tue Jun 06 23:44:50 CST 2017]; root of context hierarchy
  [INFO] [2017-06-06 23:44:50][org.springframework.beans.factory.xml.XmlBeanDefinitionReader]Loading XML bean definitions from class path resource [spring-mybatis.xml]
  [INFO] [2017-06-06 23:45:21][org.springframework.context.support.ClassPathXmlApplicationContext]Refreshing org.springframework.context.support.ClassPathXmlApplicationContext@57d13a79: startup date [Tue Jun 06 23:45:21 CST 2017]; root of context hierarchy
  [INFO] [2017-06-06 23:45:22][org.springframework.beans.factory.xml.XmlBeanDefinitionReader]Loading XML bean definitions from class path resource [spring-mybatis.xml]
  [INFO] [2017-06-07 00:04:09][org.springframework.context.support.ClassPathXmlApplicationContext]Refreshing org.springframework.context.support.ClassPathXmlApplicationContext@2e4a4890: startup date [Wed Jun 07 00:04:09 CST 2017]; root of context hierarchy
  [INFO] [2017-06-07 00:04:09][org.springframework.beans.factory.xml.XmlBeanDefinitionReader]Loading XML bean definitions from class path resource [spring-mybatis.xml]
  [INFO] [2017-06-07 00:04:26][org.springframework.context.support.ClassPathXmlApplicationContext]Refreshing org.springframework.context.support.ClassPathXmlApplicationContext@2e4a4890: startup date [Wed Jun 07 00:04:26 CST 2017]; root of context hierarchy
  [INFO] [2017-06-07 00:04:26][org.springframework.beans.factory.xml.XmlBeanDefinitionReader]Loading XML bean definitions from class path resource [spring-mybatis.xml]
  [INFO] [2017-06-07 00:11:09][org.springframework.context.support.ClassPathXmlApplicationContext]Refreshing org.springframework.context.support.ClassPathXmlApplicationContext@16d5b224: startup date [Wed Jun 07 00:11:09 CST 2017]; root of context hierarchy
  [INFO] [2017-06-07 00:11:09][org.springframework.beans.factory.xml.XmlBeanDefinitionReader]Loading XML bean definitions from class path resource [spring-mybatis.xml]
  [INFO] [2017-06-07 00:11:10][org.springframework.beans.factory.config.PropertyPlaceholderConfigurer]Loading properties file from class path resource [jdbc.properties]
  [INFO] [2017-06-07 00:12:08][org.springframework.context.support.ClassPathXmlApplicationContext]Refreshing org.springframework.context.support.ClassPathXmlApplicationContext@69560af9: startup date [Wed Jun 07 00:12:08 CST 2017]; root of context hierarchy
  [INFO] [2017-06-07 00:12:08][org.springframework.beans.factory.xml.XmlBeanDefinitionReader]Loading XML bean definitions from class path resource [spring-mybatis.xml]
  [INFO] [2017-06-07 00:12:08][org.springframework.beans.factory.config.PropertyPlaceholderConfigurer]Loading properties file from class path resource [jdbc.properties]
  [INFO] [2017-06-07 00:13:53][org.springframework.context.support.ClassPathXmlApplicationContext]Refreshing org.springframework.context.support.ClassPathXmlApplicationContext@69560af9: startup date [Wed Jun 07 00:13:53 CST 2017]; root of context hierarchy
  [INFO] [2017-06-07 00:13:53][org.springframework.beans.factory.xml.XmlBeanDefinitionReader]Loading XML bean definitions from class path resource [spring-mybatis.xml]
  [INFO] [2017-06-07 00:13:53][org.springframework.beans.factory.config.PropertyPlaceholderConfigurer]Loading properties file from class path resource [jdbc.properties]
  [INFO] [2017-06-07 00:14:57][org.springframework.context.support.ClassPathXmlApplicationContext]Refreshing org.springframework.context.support.ClassPathXmlApplicationContext@fea9776: startup date [Wed Jun 07 00:14:57 CST 2017]; root of context hierarchy
  [INFO] [2017-06-07 00:14:57][org.springframework.beans.factory.xml.XmlBeanDefinitionReader]Loading XML bean definitions from class path resource [spring-mybatis.xml]
  [INFO] [2017-06-07 00:14:57][org.springframework.beans.factory.config.PropertyPlaceholderConfigurer]Loading properties file from class path resource [jdbc.properties]
  [INFO] [2017-06-07 00:17:03][org.springframework.context.support.ClassPathXmlApplicationContext]Refreshing org.springframework.context.support.ClassPathXmlApplicationContext@fea9776: startup date [Wed Jun 07 00:17:03 CST 2017]; root of context hierarchy
  [INFO] [2017-06-07 00:17:03][org.springframework.beans.factory.xml.XmlBeanDefinitionReader]Loading XML bean definitions from class path resource [spring-mybatis.xml]
  [INFO] [2017-06-07 00:17:03][org.springframework.beans.factory.config.PropertyPlaceholderConfigurer]Loading properties file from class path resource [jdbc.properties]
  [INFO] [2017-06-07 00:20:48][org.springframework.context.support.ClassPathXmlApplicationContext]Refreshing org.springframework.context.support.ClassPathXmlApplicationContext@20e5488e: startup date [Wed Jun 07 00:20:48 CST 2017]; root of context hierarchy
  [INFO] [2017-06-07 00:20:48][org.springframework.beans.factory.xml.XmlBeanDefinitionReader]Loading XML bean definitions from class path resource [spring-mybatis.xml]
  [INFO] [2017-06-07 00:20:49][org.springframework.beans.factory.config.PropertyPlaceholderConfigurer]Loading properties file from class path resource [jdbc.properties]
  [INFO] [2017-06-07 00:21:46][org.springframework.context.support.ClassPathXmlApplicationContext]Refreshing org.springframework.context.support.ClassPathXmlApplicationContext@2d6c73b1: startup date [Wed Jun 07 00:21:46 CST 2017]; root of context hierarchy
  [INFO] [2017-06-07 00:21:47][org.springframework.beans.factory.xml.XmlBeanDefinitionReader]Loading XML bean definitions from class path resource [spring-mybatis.xml]
  [INFO] [2017-06-07 00:21:47][org.springframework.beans.factory.config.PropertyPlaceholderConfigurer]Loading properties file from class path resource [jdbc.properties]
  [INFO] [2017-06-07 00:24:36][org.springframework.context.support.ClassPathXmlApplicationContext]Refreshing org.springframework.context.support.ClassPathXmlApplicationContext@fea9776: startup date [Wed Jun 07 00:24:36 CST 2017]; root of context hierarchy
  [INFO] [2017-06-07 00:24:36][org.springframework.beans.factory.xml.XmlBeanDefinitionReader]Loading XML bean definitions from class path resource [spring-mybatis.xml]
  [INFO] [2017-06-07 00:24:36][org.springframework.beans.factory.config.PropertyPlaceholderConfigurer]Loading properties file from class path resource [jdbc.properties]
  [INFO] [2017-06-07 00:25:44][org.springframework.context.support.ClassPathXmlApplicationContext]Refreshing org.springframework.context.support.ClassPathXmlApplicationContext@fea9776: startup date [Wed Jun 07 00:25:44 CST 2017]; root of context hierarchy
  [INFO] [2017-06-07 00:25:44][org.springframework.beans.factory.xml.XmlBeanDefinitionReader]Loading XML bean definitions from class path resource [spring-mybatis.xml]
  [INFO] [2017-06-07 00:25:45][org.springframework.beans.factory.config.PropertyPlaceholderConfigurer]Loading properties file from class path resource [jdbc.properties]
  [INFO] [2017-06-07 00:25:58][org.springframework.context.support.ClassPathXmlApplicationContext]Refreshing org.springframework.context.support.ClassPathXmlApplicationContext@fea9776: startup date [Wed Jun 07 00:25:58 CST 2017]; root of context hierarchy
  [INFO] [2017-06-07 00:25:58][org.springframework.beans.factory.xml.XmlBeanDefinitionReader]Loading XML bean definitions from class path resource [spring-mybatis.xml]
  [INFO] [2017-06-07 00:25:58][org.springframework.beans.factory.config.PropertyPlaceholderConfigurer]Loading properties file from class path resource [jdbc.properties]
  [INFO] [2017-06-07 00:27:10][org.springframework.context.support.ClassPathXmlApplicationContext]Refreshing org.springframework.context.support.ClassPathXmlApplicationContext@fea9776: startup date [Wed Jun 07 00:27:10 CST 2017]; root of context hierarchy
  [INFO] [2017-06-07 00:27:10][org.springframework.beans.factory.xml.XmlBeanDefinitionReader]Loading XML bean definitions from class path resource [spring-mybatis.xml]
  [INFO] [2017-06-07 00:27:11][org.springframework.beans.factory.config.PropertyPlaceholderConfigurer]Loading properties file from class path resource [jdbc.properties]
  [INFO] [2017-06-07 00:35:05][org.springframework.context.support.ClassPathXmlApplicationContext]Refreshing org.springframework.context.support.ClassPathXmlApplicationContext@727dcc23: startup date [Wed Jun 07 00:35:05 CST 2017]; root of context hierarchy
  [INFO] [2017-06-07 00:35:05][org.springframework.beans.factory.xml.XmlBeanDefinitionReader]Loading XML bean definitions from class path resource [spring-mybatis.xml]
  [INFO] [2017-06-07 00:35:06][org.springframework.beans.factory.config.PropertyPlaceholderConfigurer]Loading properties file from class path resource [jdbc.properties]
  [INFO] [2017-06-07 00:35:42][org.springframework.context.support.ClassPathXmlApplicationContext]Refreshing org.springframework.context.support.ClassPathXmlApplicationContext@fea9776: startup date [Wed Jun 07 00:35:42 CST 2017]; root of context hierarchy
  [INFO] [2017-06-07 00:35:42][org.springframework.beans.factory.xml.XmlBeanDefinitionReader]Loading XML bean definitions from class path resource [spring-mybatis.xml]
  [INFO] [2017-06-07 00:35:42][org.springframework.beans.factory.config.PropertyPlaceholderConfigurer]Loading properties file from class path resource [jdbc.properties]
  [INFO] [2017-06-07 00:36:11][org.springframework.context.support.ClassPathXmlApplicationContext]Refreshing org.springframework.context.support.ClassPathXmlApplicationContext@20e5488e: startup date [Wed Jun 07 00:36:11 CST 2017]; root of context hierarchy
  [INFO] [2017-06-07 00:36:11][org.springframework.beans.factory.xml.XmlBeanDefinitionReader]Loading XML bean definitions from class path resource [spring-mybatis.xml]
  [INFO] [2017-06-07 00:36:11][org.springframework.beans.factory.config.PropertyPlaceholderConfigurer]Loading properties file from class path resource [jdbc.properties]
  [INFO] [2017-06-08 22:28:07][org.springframework.context.support.ClassPathXmlApplicationContext]Refreshing org.springframework.context.support.ClassPathXmlApplicationContext@2cfe7381: startup date [Thu Jun 08 22:28:07 CST 2017]; root of context hierarchy
  [INFO] [2017-06-08 22:28:07][org.springframework.beans.factory.xml.XmlBeanDefinitionReader]Loading XML bean definitions from class path resource [spring-mybatis.xml]
  [INFO] [2017-06-08 22:28:07][org.springframework.beans.factory.config.PropertyPlaceholderConfigurer]Loading properties file from class path resource [jdbc.properties]
  [INFO] [2017-06-08 22:46:38][org.springframework.context.support.ClassPathXmlApplicationContext]Refreshing org.springframework.context.support.ClassPathXmlApplicationContext@2cfe7381: startup date [Thu Jun 08 22:46:38 CST 2017]; root of context hierarchy
  [INFO] [2017-06-08 22:46:38][org.springframework.beans.factory.xml.XmlBeanDefinitionReader]Loading XML bean definitions from class path resource [spring-mybatis.xml]
  [INFO] [2017-06-08 22:46:39][org.springframework.beans.factory.config.PropertyPlaceholderConfigurer]Loading properties file from class path resource [jdbc.properties]
  [INFO] [2017-06-08 22:48:36][org.springframework.context.support.ClassPathXmlApplicationContext]Refreshing org.springframework.context.support.ClassPathXmlApplicationContext@2cfe7381: startup date [Thu Jun 08 22:48:36 CST 2017]; root of context hierarchy
  [INFO] [2017-06-08 22:48:36][org.springframework.beans.factory.xml.XmlBeanDefinitionReader]Loading XML bean definitions from class path resource [spring-mybatis.xml]
  [INFO] [2017-06-08 22:48:37][org.springframework.beans.factory.config.PropertyPlaceholderConfigurer]Loading properties file from class path resource [jdbc.properties]
  [INFO] [2017-06-08 22:51:38][org.springframework.context.support.ClassPathXmlApplicationContext]Refreshing org.springframework.context.support.ClassPathXmlApplicationContext@2cfe7381: startup date [Thu Jun 08 22:51:38 CST 2017]; root of context hierarchy
  [INFO] [2017-06-08 22:51:39][org.springframework.beans.factory.xml.XmlBeanDefinitionReader]Loading XML bean definitions from class path resource [spring-mybatis.xml]
  [INFO] [2017-06-08 22:51:39][org.springframework.beans.factory.config.PropertyPlaceholderConfigurer]Loading properties file from class path resource [jdbc.properties]
  [INFO] [2017-06-08 22:51:53][org.springframework.context.support.ClassPathXmlApplicationContext]Refreshing org.springframework.context.support.ClassPathXmlApplicationContext@727dcc23: startup date [Thu Jun 08 22:51:53 CST 2017]; root of context hierarchy
  [INFO] [2017-06-08 22:51:53][org.springframework.beans.factory.xml.XmlBeanDefinitionReader]Loading XML bean definitions from class path resource [spring-mybatis.xml]
  [INFO] [2017-06-08 22:51:53][org.springframework.beans.factory.config.PropertyPlaceholderConfigurer]Loading properties file from class path resource [jdbc.properties]
  [INFO] [2017-06-08 22:52:25][org.springframework.context.support.ClassPathXmlApplicationContext]Refreshing org.springframework.context.support.ClassPathXmlApplicationContext@727dcc23: startup date [Thu Jun 08 22:52:25 CST 2017]; root of context hierarchy
  [INFO] [2017-06-08 22:52:25][org.springframework.beans.factory.xml.XmlBeanDefinitionReader]Loading XML bean definitions from class path resource [spring-mybatis.xml]
  [INFO] [2017-06-08 22:52:25][org.springframework.beans.factory.config.PropertyPlaceholderConfigurer]Loading properties file from class path resource [jdbc.properties]
  [INFO] [2017-06-08 22:57:16][org.springframework.context.support.ClassPathXmlApplicationContext]Refreshing org.springframework.context.support.ClassPathXmlApplicationContext@27a26532: startup date [Thu Jun 08 22:57:16 CST 2017]; root of context hierarchy
  [INFO] [2017-06-08 22:57:16][org.springframework.beans.factory.xml.XmlBeanDefinitionReader]Loading XML bean definitions from class path resource [spring-mybatis.xml]
  [INFO] [2017-06-08 22:57:16][org.springframework.beans.factory.config.PropertyPlaceholderConfigurer]Loading properties file from class path resource [jdbc.properties]
  [INFO] [2017-06-08 22:58:31][org.springframework.context.support.ClassPathXmlApplicationContext]Refreshing org.springframework.context.support.ClassPathXmlApplicationContext@fea9776: startup date [Thu Jun 08 22:58:31 CST 2017]; root of context hierarchy
  [INFO] [2017-06-08 22:58:31][org.springframework.beans.factory.xml.XmlBeanDefinitionReader]Loading XML bean definitions from class path resource [spring-mybatis.xml]
  [INFO] [2017-06-08 22:58:32][org.springframework.beans.factory.config.PropertyPlaceholderConfigurer]Loading properties file from class path resource [jdbc.properties]
  [INFO] [2017-06-08 22:58:52][org.springframework.context.support.ClassPathXmlApplicationContext]Refreshing org.springframework.context.support.ClassPathXmlApplicationContext@2cfe7381: startup date [Thu Jun 08 22:58:52 CST 2017]; root of context hierarchy
  [INFO] [2017-06-08 22:58:52][org.springframework.beans.factory.xml.XmlBeanDefinitionReader]Loading XML bean definitions from class path resource [spring-mybatis.xml]
  [INFO] [2017-06-08 22:58:52][org.springframework.beans.factory.config.PropertyPlaceholderConfigurer]Loading properties file from class path resource [jdbc.properties]
  [INFO] [2017-06-08 23:00:50][org.springframework.context.support.ClassPathXmlApplicationContext]Refreshing org.springframework.context.support.ClassPathXmlApplicationContext@20e5488e: startup date [Thu Jun 08 23:00:50 CST 2017]; root of context hierarchy
  [INFO] [2017-06-08 23:00:50][org.springframework.beans.factory.xml.XmlBeanDefinitionReader]Loading XML bean definitions from class path resource [spring-mybatis.xml]
  [INFO] [2017-06-08 23:00:50][org.springframework.beans.factory.config.PropertyPlaceholderConfigurer]Loading properties file from class path resource [jdbc.properties]
  [INFO] [2017-06-08 23:04:30][org.springframework.context.support.ClassPathXmlApplicationContext]Refreshing org.springframework.context.support.ClassPathXmlApplicationContext@2cfe7381: startup date [Thu Jun 08 23:04:30 CST 2017]; root of context hierarchy
  [INFO] [2017-06-08 23:04:30][org.springframework.beans.factory.xml.XmlBeanDefinitionReader]Loading XML bean definitions from class path resource [spring-mybatis.xml]
  [INFO] [2017-06-08 23:04:30][org.springframework.beans.factory.config.PropertyPlaceholderConfigurer]Loading properties file from class path resource [jdbc.properties]
  [INFO] [2017-06-08 23:04:53][org.springframework.context.support.ClassPathXmlApplicationContext]Refreshing org.springframework.context.support.ClassPathXmlApplicationContext@2cfe7381: startup date [Thu Jun 08 23:04:53 CST 2017]; root of context hierarchy
  [INFO] [2017-06-08 23:04:53][org.springframework.beans.factory.xml.XmlBeanDefinitionReader]Loading XML bean definitions from class path resource [spring-mybatis.xml]
  [INFO] [2017-06-08 23:04:53][org.springframework.beans.factory.config.PropertyPlaceholderConfigurer]Loading properties file from class path resource [jdbc.properties]
  [INFO] [2017-06-08 23:05:11][org.springframework.context.support.ClassPathXmlApplicationContext]Refreshing org.springframework.context.support.ClassPathXmlApplicationContext@20e5488e: startup date [Thu Jun 08 23:05:11 CST 2017]; root of context hierarchy
  [INFO] [2017-06-08 23:05:11][org.springframework.beans.factory.xml.XmlBeanDefinitionReader]Loading XML bean definitions from class path resource [spring-mybatis.xml]
  [INFO] [2017-06-08 23:05:11][org.springframework.beans.factory.config.PropertyPlaceholderConfigurer]Loading properties file from class path resource [jdbc.properties]
  [INFO] [2017-06-08 23:06:15][org.springframework.context.support.ClassPathXmlApplicationContext]Refreshing org.springframework.context.support.ClassPathXmlApplicationContext@2cfe7381: startup date [Thu Jun 08 23:06:15 CST 2017]; root of context hierarchy
  [INFO] [2017-06-08 23:06:15][org.springframework.beans.factory.xml.XmlBeanDefinitionReader]Loading XML bean definitions from class path resource [spring-mybatis.xml]
  [INFO] [2017-06-08 23:06:15][org.springframework.beans.factory.config.PropertyPlaceholderConfigurer]Loading properties file from class path resource [jdbc.properties]
  [INFO] [2017-06-08 23:06:28][org.springframework.context.support.ClassPathXmlApplicationContext]Refreshing org.springframework.context.support.ClassPathXmlApplicationContext@2cfe7381: startup date [Thu Jun 08 23:06:28 CST 2017]; root of context hierarchy
  [INFO] [2017-06-08 23:06:28][org.springframework.beans.factory.xml.XmlBeanDefinitionReader]Loading XML bean definitions from class path resource [spring-mybatis.xml]
  [INFO] [2017-06-08 23:06:29][org.springframework.beans.factory.config.PropertyPlaceholderConfigurer]Loading properties file from class path resource [jdbc.properties]
  [INFO] [2017-06-08 23:06:30][com.eps.test.TestMyBatis]öÄ»Ô
  [INFO] [2017-06-08 23:12:12][org.springframework.context.support.ClassPathXmlApplicationContext]Refreshing org.springframework.context.support.ClassPathXmlApplicationContext@4800ef96: startup date [Thu Jun 08 23:12:12 CST 2017]; root of context hierarchy
  [INFO] [2017-06-08 23:12:12][org.springframework.beans.factory.xml.XmlBeanDefinitionReader]Loading XML bean definitions from class path resource [spring-mybatis.xml]
  [INFO] [2017-06-08 23:12:13][org.springframework.beans.factory.config.PropertyPlaceholderConfigurer]Loading properties file from class path resource [jdbc.properties]
  [INFO] [2017-06-08 23:12:13][com.eps.dao.service.BaseService]getUserByUserID(quhui)
  [INFO] [2017-06-08 23:12:14][com.eps.dao.service.BaseService]getUserByUserID(quhui)
  [INFO] [2017-06-08 23:12:14][com.eps.test.TestMyBatis]öÄ»Ô
  [INFO] [2017-06-08 23:12:34][org.springframework.context.support.ClassPathXmlApplicationContext]Refreshing org.springframework.context.support.ClassPathXmlApplicationContext@25771302: startup date [Thu Jun 08 23:12:34 CST 2017]; root of context hierarchy
  [INFO] [2017-06-08 23:12:34][org.springframework.beans.factory.xml.XmlBeanDefinitionReader]Loading XML bean definitions from class path resource [spring-mybatis.xml]
  [INFO] [2017-06-08 23:12:34][org.springframework.beans.factory.config.PropertyPlaceholderConfigurer]Loading properties file from class path resource [jdbc.properties]
  [INFO] [2017-06-08 23:12:35][com.eps.dao.service.BaseService]getUserByUserID(quhui)
  [INFO] [2017-06-08 23:16:47][org.springframework.context.support.ClassPathXmlApplicationContext]Refreshing org.springframework.context.support.ClassPathXmlApplicationContext@6465e468: startup date [Thu Jun 08 23:16:47 CST 2017]; root of context hierarchy
  [INFO] [2017-06-08 23:16:47][org.springframework.beans.factory.xml.XmlBeanDefinitionReader]Loading XML bean definitions from class path resource [spring-mybatis.xml]
  [INFO] [2017-06-08 23:16:47][org.springframework.beans.factory.config.PropertyPlaceholderConfigurer]Loading properties file from class path resource [jdbc.properties]
  [INFO] [2017-06-08 23:16:48][com.eps.dao.service.BaseService]getUserByUserID(quhui)
  [INFO] [2017-06-08 23:18:15][org.springframework.context.support.ClassPathXmlApplicationContext]Refreshing org.springframework.context.support.ClassPathXmlApplicationContext@5d769b56: startup date [Thu Jun 08 23:18:15 CST 2017]; root of context hierarchy
  [INFO] [2017-06-08 23:18:15][org.springframework.beans.factory.xml.XmlBeanDefinitionReader]Loading XML bean definitions from class path resource [spring-mybatis.xml]
  [INFO] [2017-06-08 23:18:16][org.springframework.beans.factory.config.PropertyPlaceholderConfigurer]Loading properties file from class path resource [jdbc.properties]
  [INFO] [2017-06-08 23:18:16][com.eps.dao.service.BaseService]getAllUser()
  [INFO] [2017-06-08 23:31:54][org.springframework.context.support.ClassPathXmlApplicationContext]Refreshing org.springframework.context.support.ClassPathXmlApplicationContext@7e85132f: startup date [Thu Jun 08 23:31:54 CST 2017]; root of context hierarchy
  [INFO] [2017-06-08 23:31:54][org.springframework.beans.factory.xml.XmlBeanDefinitionReader]Loading XML bean definitions from class path resource [spring-mybatis.xml]
  [INFO] [2017-06-08 23:31:54][org.springframework.beans.factory.config.PropertyPlaceholderConfigurer]Loading properties file from class path resource [jdbc.properties]
  [INFO] [2017-06-08 23:31:55][com.eps.dao.service.BaseService]insertUser()
  [INFO] [2017-06-08 23:31:55][com.eps.dao.service.BaseService]getAllUser()
  [INFO] [2017-06-08 23:32:11][org.springframework.context.support.ClassPathXmlApplicationContext]Refreshing org.springframework.context.support.ClassPathXmlApplicationContext@5f697518: startup date [Thu Jun 08 23:32:11 CST 2017]; root of context hierarchy
  [INFO] [2017-06-08 23:32:11][org.springframework.beans.factory.xml.XmlBeanDefinitionReader]Loading XML bean definitions from class path resource [spring-mybatis.xml]
  [INFO] [2017-06-08 23:32:11][org.springframework.beans.factory.config.PropertyPlaceholderConfigurer]Loading properties file from class path resource [jdbc.properties]
  [INFO] [2017-06-08 23:32:11][com.eps.dao.service.BaseService]getAllUser()
  [INFO] [2017-06-08 23:33:08][org.springframework.context.support.ClassPathXmlApplicationContext]Refreshing org.springframework.context.support.ClassPathXmlApplicationContext@7b00862e: startup date [Thu Jun 08 23:33:08 CST 2017]; root of context hierarchy
  [INFO] [2017-06-08 23:33:08][org.springframework.beans.factory.xml.XmlBeanDefinitionReader]Loading XML bean definitions from class path resource [spring-mybatis.xml]
  [INFO] [2017-06-08 23:33:08][org.springframework.beans.factory.config.PropertyPlaceholderConfigurer]Loading properties file from class path resource [jdbc.properties]
  [INFO] [2017-06-08 23:33:09][com.eps.dao.service.BaseService]getAllUser()
  [INFO] [2017-06-08 23:35:17][org.springframework.context.support.ClassPathXmlApplicationContext]Refreshing org.springframework.context.support.ClassPathXmlApplicationContext@52aeb38d: startup date [Thu Jun 08 23:35:17 CST 2017]; root of context hierarchy
  [INFO] [2017-06-08 23:35:17][org.springframework.beans.factory.xml.XmlBeanDefinitionReader]Loading XML bean definitions from class path resource [spring-mybatis.xml]
  [INFO] [2017-06-08 23:35:17][org.springframework.beans.factory.config.PropertyPlaceholderConfigurer]Loading properties file from class path resource [jdbc.properties]
  [INFO] [2017-06-08 23:35:18][com.eps.dao.service.BaseService]insertUser()
  [INFO] [2017-06-08 23:35:18][com.eps.dao.service.BaseService]getAllUser()
  [INFO] [2017-06-08 23:37:19][org.springframework.context.support.ClassPathXmlApplicationContext]Refreshing org.springframework.context.support.ClassPathXmlApplicationContext@5de33255: startup date [Thu Jun 08 23:37:19 CST 2017]; root of context hierarchy
  [INFO] [2017-06-08 23:37:19][org.springframework.beans.factory.xml.XmlBeanDefinitionReader]Loading XML bean definitions from class path resource [spring-mybatis.xml]
  [INFO] [2017-06-08 23:37:20][org.springframework.beans.factory.config.PropertyPlaceholderConfigurer]Loading properties file from class path resource [jdbc.properties]
  [INFO] [2017-06-08 23:37:20][com.eps.dao.service.BaseService]insertUser()
  [INFO] [2017-06-08 23:37:21][com.eps.dao.service.BaseService]getAllUser()
  [INFO] [2017-06-10 15:11:58][org.springframework.context.support.ClassPathXmlApplicationContext]Refreshing org.springframework.context.support.ClassPathXmlApplicationContext@4bb12d63: startup date [Sat Jun 10 15:11:58 CST 2017]; root of context hierarchy
  [INFO] [2017-06-10 15:11:58][org.springframework.beans.factory.xml.XmlBeanDefinitionReader]Loading XML bean definitions from class path resource [spring-mybatis.xml]
  [INFO] [2017-06-10 15:11:58][org.springframework.beans.factory.config.PropertyPlaceholderConfigurer]Loading properties file from class path resource [jdbc.properties]
  [INFO] [2017-06-10 15:11:58][com.eps.dao.service.BaseService]insertUser()
  [INFO] [2017-06-10 15:11:59][com.eps.dao.service.BaseService]getAllUser()
  [INFO] [2017-06-10 15:13:04][org.springframework.context.support.ClassPathXmlApplicationContext]Refreshing org.springframework.context.support.ClassPathXmlApplicationContext@5de33255: startup date [Sat Jun 10 15:13:04 CST 2017]; root of context hierarchy
  [INFO] [2017-06-10 15:13:05][org.springframework.beans.factory.xml.XmlBeanDefinitionReader]Loading XML bean definitions from class path resource [spring-mybatis.xml]
  [INFO] [2017-06-10 15:13:05][org.springframework.beans.factory.config.PropertyPlaceholderConfigurer]Loading properties file from class path resource [jdbc.properties]
  [INFO] [2017-06-10 15:13:05][com.eps.dao.service.BaseService]insertUser()
  [INFO] [2017-06-10 15:13:06][com.eps.dao.service.BaseService]getAllUser()
  [INFO] [2017-06-10 16:01:46][org.springframework.context.support.ClassPathXmlApplicationContext]Refreshing org.springframework.context.support.ClassPathXmlApplicationContext@3598d24f: startup date [Sat Jun 10 16:01:46 CST 2017]; root of context hierarchy
  [INFO] [2017-06-10 16:01:46][org.springframework.beans.factory.xml.XmlBeanDefinitionReader]Loading XML bean definitions from class path resource [spring-mybatis.xml]
  [INFO] [2017-06-10 16:01:46][org.springframework.beans.factory.config.PropertyPlaceholderConfigurer]Loading properties file from class path resource [jdbc.properties]
  [INFO] [2017-06-10 16:02:08][org.springframework.context.support.ClassPathXmlApplicationContext]Refreshing org.springframework.context.support.ClassPathXmlApplicationContext@44175c06: startup date [Sat Jun 10 16:02:08 CST 2017]; root of context hierarchy
  [INFO] [2017-06-10 16:02:08][org.springframework.beans.factory.xml.XmlBeanDefinitionReader]Loading XML bean definitions from class path resource [spring-mybatis.xml]
  [INFO] [2017-06-10 16:02:09][org.springframework.beans.factory.config.PropertyPlaceholderConfigurer]Loading properties file from class path resource [jdbc.properties]
  [INFO] [2017-06-10 16:02:28][org.springframework.context.support.ClassPathXmlApplicationContext]Refreshing org.springframework.context.support.ClassPathXmlApplicationContext@44175c06: startup date [Sat Jun 10 16:02:28 CST 2017]; root of context hierarchy
  [INFO] [2017-06-10 16:02:28][org.springframework.beans.factory.xml.XmlBeanDefinitionReader]Loading XML bean definitions from class path resource [spring-mybatis.xml]
  [INFO] [2017-06-10 16:02:29][org.springframework.beans.factory.config.PropertyPlaceholderConfigurer]Loading properties file from class path resource [jdbc.properties]
  [INFO] [2017-06-10 16:05:54][org.springframework.context.support.ClassPathXmlApplicationContext]Refreshing org.springframework.context.support.ClassPathXmlApplicationContext@44175c06: startup date [Sat Jun 10 16:05:54 CST 2017]; root of context hierarchy
  [INFO] [2017-06-10 16:05:54][org.springframework.beans.factory.xml.XmlBeanDefinitionReader]Loading XML bean definitions from class path resource [spring-mybatis.xml]
  [INFO] [2017-06-10 16:05:54][org.springframework.beans.factory.config.PropertyPlaceholderConfigurer]Loading properties file from class path resource [jdbc.properties]
  [INFO] [2017-06-10 16:10:37][org.springframework.context.support.ClassPathXmlApplicationContext]Refreshing org.springframework.context.support.ClassPathXmlApplicationContext@3598d24f: startup date [Sat Jun 10 16:10:37 CST 2017]; root of context hierarchy
  [INFO] [2017-06-10 16:10:37][org.springframework.beans.factory.xml.XmlBeanDefinitionReader]Loading XML bean definitions from class path resource [spring-mybatis.xml]
  [INFO] [2017-06-10 16:10:37][org.springframework.beans.factory.config.PropertyPlaceholderConfigurer]Loading properties file from class path resource [jdbc.properties]
  [INFO] [2017-06-10 16:13:24][org.springframework.context.support.ClassPathXmlApplicationContext]Refreshing org.springframework.context.support.ClassPathXmlApplicationContext@44175c06: startup date [Sat Jun 10 16:13:24 CST 2017]; root of context hierarchy
  [INFO] [2017-06-10 16:13:24][org.springframework.beans.factory.xml.XmlBeanDefinitionReader]Loading XML bean definitions from class path resource [spring-mybatis.xml]
  [INFO] [2017-06-10 16:13:24][org.springframework.beans.factory.config.PropertyPlaceholderConfigurer]Loading properties file from class path resource [jdbc.properties]
  [INFO] [2017-06-10 16:16:10][org.springframework.context.support.ClassPathXmlApplicationContext]Refreshing org.springframework.context.support.ClassPathXmlApplicationContext@3598d24f: startup date [Sat Jun 10 16:16:10 CST 2017]; root of context hierarchy
  [INFO] [2017-06-10 16:16:10][org.springframework.beans.factory.xml.XmlBeanDefinitionReader]Loading XML bean definitions from class path resource [spring-mybatis.xml]
  [INFO] [2017-06-10 16:16:10][org.springframework.beans.factory.config.PropertyPlaceholderConfigurer]Loading properties file from class path resource [jdbc.properties]
  [INFO] [2017-06-10 16:16:11][com.eps.dao.service.BaseService]getAllOrg()
  [INFO] [2017-06-10 16:29:28][org.springframework.context.support.ClassPathXmlApplicationContext]Refreshing org.springframework.context.support.ClassPathXmlApplicationContext@62b9a65b: startup date [Sat Jun 10 16:29:28 CST 2017]; root of context hierarchy
  [INFO] [2017-06-10 16:29:28][org.springframework.beans.factory.xml.XmlBeanDefinitionReader]Loading XML bean definitions from class path resource [spring-mybatis.xml]
  [INFO] [2017-06-10 16:29:28][org.springframework.beans.factory.config.PropertyPlaceholderConfigurer]Loading properties file from class path resource [jdbc.properties]
  [INFO] [2017-06-10 16:29:28][com.eps.dao.service.BaseService]getAllCodeFromLibrary()
  [INFO] [2017-06-10 16:30:12][org.springframework.context.support.ClassPathXmlApplicationContext]Refreshing org.springframework.context.support.ClassPathXmlApplicationContext@62b9a65b: startup date [Sat Jun 10 16:30:12 CST 2017]; root of context hierarchy
  [INFO] [2017-06-10 16:30:12][org.springframework.beans.factory.xml.XmlBeanDefinitionReader]Loading XML bean definitions from class path resource [spring-mybatis.xml]
  [INFO] [2017-06-10 16:30:12][org.springframework.beans.factory.config.PropertyPlaceholderConfigurer]Loading properties file from class path resource [jdbc.properties]
  [INFO] [2017-06-10 16:30:13][com.eps.dao.service.BaseService]getAllCodeFromLibrary()
  [INFO] [2017-06-10 16:32:11][org.springframework.context.support.ClassPathXmlApplicationContext]Refreshing org.springframework.context.support.ClassPathXmlApplicationContext@62b9a65b: startup date [Sat Jun 10 16:32:11 CST 2017]; root of context hierarchy
  [INFO] [2017-06-10 16:32:11][org.springframework.beans.factory.xml.XmlBeanDefinitionReader]Loading XML bean definitions from class path resource [spring-mybatis.xml]
  [INFO] [2017-06-10 16:32:12][org.springframework.beans.factory.config.PropertyPlaceholderConfigurer]Loading properties file from class path resource [jdbc.properties]
  [INFO] [2017-06-10 16:32:12][com.eps.dao.service.BaseService]getAllCodeFromLibrary()
  [INFO] [2017-06-10 16:44:30][org.springframework.context.support.ClassPathXmlApplicationContext]Refreshing org.springframework.context.support.ClassPathXmlApplicationContext@5a7226e3: startup date [Sat Jun 10 16:44:30 CST 2017]; root of context hierarchy
  [INFO] [2017-06-10 16:44:30][org.springframework.beans.factory.xml.XmlBeanDefinitionReader]Loading XML bean definitions from class path resource [spring-mybatis.xml]
  [INFO] [2017-06-10 16:44:31][org.springframework.beans.factory.config.PropertyPlaceholderConfigurer]Loading properties file from class path resource [jdbc.properties]
  [INFO] [2017-06-10 16:44:31][com.eps.dao.service.BaseService]queryAllProduct()
  [INFO] [2017-06-13 23:47:14][org.springframework.context.support.ClassPathXmlApplicationContext]Refreshing org.springframework.context.support.ClassPathXmlApplicationContext@94f025b: startup date [Tue Jun 13 23:47:14 CST 2017]; root of context hierarchy
  [INFO] [2017-06-13 23:47:14][org.springframework.beans.factory.xml.XmlBeanDefinitionReader]Loading XML bean definitions from class path resource [spring-mybatis.xml]
  [INFO] [2017-06-13 23:47:15][org.springframework.beans.factory.config.PropertyPlaceholderConfigurer]Loading properties file from class path resource [jdbc.properties]
  [INFO] [2017-06-14 00:05:09][org.springframework.context.support.ClassPathXmlApplicationContext]Refreshing org.springframework.context.support.ClassPathXmlApplicationContext@2223a923: startup date [Wed Jun 14 00:05:09 CST 2017]; root of context hierarchy
  [INFO] [2017-06-14 00:05:09][org.springframework.beans.factory.xml.XmlBeanDefinitionReader]Loading XML bean definitions from class path resource [spring-mybatis.xml]
  [INFO] [2017-06-14 00:05:10][org.springframework.beans.factory.config.PropertyPlaceholderConfigurer]Loading properties file from class path resource [jdbc.properties]
  [INFO] [2017-06-14 20:46:54][org.springframework.context.support.ClassPathXmlApplicationContext]Refreshing org.springframework.context.support.ClassPathXmlApplicationContext@2223a923: startup date [Wed Jun 14 20:46:54 CST 2017]; root of context hierarchy
  [INFO] [2017-06-14 20:46:54][org.springframework.beans.factory.xml.XmlBeanDefinitionReader]Loading XML bean definitions from class path resource [spring-mybatis.xml]
  [INFO] [2017-06-14 20:46:54][org.springframework.beans.factory.config.PropertyPlaceholderConfigurer]Loading properties file from class path resource [jdbc.properties]
  [INFO] [2017-06-14 20:48:06][org.springframework.context.support.ClassPathXmlApplicationContext]Refreshing org.springframework.context.support.ClassPathXmlApplicationContext@94f025b: startup date [Wed Jun 14 20:48:06 CST 2017]; root of context hierarchy
  [INFO] [2017-06-14 20:48:07][org.springframework.beans.factory.xml.XmlBeanDefinitionReader]Loading XML bean definitions from class path resource [spring-mybatis.xml]
  [INFO] [2017-06-14 20:48:07][org.springframework.beans.factory.config.PropertyPlaceholderConfigurer]Loading properties file from class path resource [jdbc.properties]
  [INFO] [2017-06-14 20:48:56][org.springframework.context.support.ClassPathXmlApplicationContext]Refreshing org.springframework.context.support.ClassPathXmlApplicationContext@53354a57: startup date [Wed Jun 14 20:48:56 CST 2017]; root of context hierarchy
  [INFO] [2017-06-14 20:48:56][org.springframework.beans.factory.xml.XmlBeanDefinitionReader]Loading XML bean definitions from class path resource [spring-mybatis.xml]
  [INFO] [2017-06-14 20:48:56][org.springframework.beans.factory.config.PropertyPlaceholderConfigurer]Loading properties file from class path resource [jdbc.properties]
  [INFO] [2017-06-14 20:50:11][org.springframework.context.support.ClassPathXmlApplicationContext]Refreshing org.springframework.context.support.ClassPathXmlApplicationContext@94f025b: startup date [Wed Jun 14 20:50:11 CST 2017]; root of context hierarchy
  [INFO] [2017-06-14 20:50:11][org.springframework.beans.factory.xml.XmlBeanDefinitionReader]Loading XML bean definitions from class path resource [spring-mybatis.xml]
  [INFO] [2017-06-14 20:50:11][org.springframework.beans.factory.config.PropertyPlaceholderConfigurer]Loading properties file from class path resource [jdbc.properties]
  [INFO] [2017-06-14 20:50:12][com.eps.dao.service.BaseService]getAllCodeFromLibrary()
  [INFO] [2017-06-14 20:50:47][org.springframework.context.support.ClassPathXmlApplicationContext]Refreshing org.springframework.context.support.ClassPathXmlApplicationContext@747c4004: startup date [Wed Jun 14 20:50:47 CST 2017]; root of context hierarchy
  [INFO] [2017-06-14 20:50:47][org.springframework.beans.factory.xml.XmlBeanDefinitionReader]Loading XML bean definitions from class path resource [spring-mybatis.xml]
  [INFO] [2017-06-14 20:50:48][org.springframework.beans.factory.config.PropertyPlaceholderConfigurer]Loading properties file from class path resource [jdbc.properties]
  [INFO] [2017-06-14 20:50:48][com.eps.dao.service.BaseService]getAllRole()
  [INFO] [2017-06-14 20:56:31][org.springframework.context.support.ClassPathXmlApplicationContext]Refreshing org.springframework.context.support.ClassPathXmlApplicationContext@53354a57: startup date [Wed Jun 14 20:56:31 CST 2017]; root of context hierarchy
  [INFO] [2017-06-14 20:56:31][org.springframework.beans.factory.xml.XmlBeanDefinitionReader]Loading XML bean definitions from class path resource [spring-mybatis.xml]
  [INFO] [2017-06-14 20:56:31][org.springframework.beans.factory.config.PropertyPlaceholderConfigurer]Loading properties file from class path resource [jdbc.properties]
  [INFO] [2017-06-14 20:56:32][com.eps.dao.service.BaseService]getAllRole()
  